Started GET "/" for ::1 at 2019-04-15 15:47:48 +1000
Processing by HomeController#index as HTML
  Rendering home/index.html.erb within layouts/application
  Rendered home/index.html.erb within layouts/application (1.8ms)
Completed 200 OK in 228ms (Views: 223.2ms | ActiveRecord: 0.0ms)


Started GET "/" for ::1 at 2019-04-15 15:51:10 +1000
Processing by HomeController#index as HTML
  Rendering home/index.html.erb within layouts/application
  Rendered home/index.html.erb within layouts/application (0.9ms)
Completed 200 OK in 21ms (Views: 19.8ms | ActiveRecord: 0.0ms)


Started GET "/magic" for ::1 at 2019-04-15 15:51:12 +1000
Processing by MagicController#home as HTML
  Rendering magic/home.html.erb within layouts/application
  Rendered magic/home.html.erb within layouts/application (0.4ms)
Completed 200 OK in 15ms (Views: 14.8ms | ActiveRecord: 0.0ms)


Started GET "/url" for ::1 at 2019-04-15 15:53:14 +1000
  
ActionController::RoutingError (No route matches [GET] "/url"):
  
actionpack (5.2.3) lib/action_dispatch/middleware/debug_exceptions.rb:65:in `call'
web-console (3.7.0) lib/web_console/middleware.rb:135:in `call_app'
web-console (3.7.0) lib/web_console/middleware.rb:30:in `block in call'
web-console (3.7.0) lib/web_console/middleware.rb:20:in `catch'
web-console (3.7.0) lib/web_console/middleware.rb:20:in `call'
actionpack (5.2.3) lib/action_dispatch/middleware/show_exceptions.rb:33:in `call'
railties (5.2.3) lib/rails/rack/logger.rb:38:in `call_app'
railties (5.2.3) lib/rails/rack/logger.rb:26:in `block in call'
activesupport (5.2.3) lib/active_support/tagged_logging.rb:71:in `block in tagged'
activesupport (5.2.3) lib/active_support/tagged_logging.rb:28:in `tagged'
activesupport (5.2.3) lib/active_support/tagged_logging.rb:71:in `tagged'
railties (5.2.3) lib/rails/rack/logger.rb:26:in `call'
sprockets-rails (3.2.1) lib/sprockets/rails/quiet_assets.rb:13:in `call'
actionpack (5.2.3) lib/action_dispatch/middleware/remote_ip.rb:81:in `call'
actionpack (5.2.3) lib/action_dispatch/middleware/request_id.rb:27:in `call'
rack (2.0.7) lib/rack/method_override.rb:22:in `call'
rack (2.0.7) lib/rack/runtime.rb:22:in `call'
activesupport (5.2.3) lib/active_support/cache/strategy/local_cache_middleware.rb:29:in `call'
actionpack (5.2.3) lib/action_dispatch/middleware/executor.rb:14:in `call'
actionpack (5.2.3) lib/action_dispatch/middleware/static.rb:127:in `call'
rack (2.0.7) lib/rack/sendfile.rb:111:in `call'
railties (5.2.3) lib/rails/engine.rb:524:in `call'
puma (3.12.1) lib/puma/configuration.rb:227:in `call'
puma (3.12.1) lib/puma/server.rb:660:in `handle_request'
puma (3.12.1) lib/puma/server.rb:474:in `process_client'
puma (3.12.1) lib/puma/server.rb:334:in `block in run'
puma (3.12.1) lib/puma/thread_pool.rb:135:in `block in spawn_thread'
Started GET "/" for ::1 at 2019-04-15 15:53:15 +1000
Processing by HomeController#index as HTML
  Rendering home/index.html.erb within layouts/application
  Rendered home/index.html.erb within layouts/application (1.7ms)
Completed 200 OK in 33ms (Views: 31.8ms | ActiveRecord: 0.0ms)


Started GET "/" for ::1 at 2019-04-15 15:53:22 +1000
Processing by HomeController#index as HTML
  Rendering home/index.html.erb within layouts/application
  Rendered home/index.html.erb within layouts/application (0.8ms)
Completed 200 OK in 27ms (Views: 25.7ms | ActiveRecord: 0.0ms)


Started GET "/secret" for ::1 at 2019-04-15 15:53:26 +1000
Processing by SecretController#home as HTML
  Rendering secret/home.html.erb within layouts/application
  Rendered secret/home.html.erb within layouts/application (0.6ms)
Completed 200 OK in 23ms (Views: 22.3ms | ActiveRecord: 0.0ms)


Started GET "/" for ::1 at 2019-04-15 15:53:56 +1000
Processing by HomeController#index as HTML
  Rendering home/index.html.erb within layouts/application
  Rendered home/index.html.erb within layouts/application (0.8ms)
Completed 200 OK in 18ms (Views: 16.9ms | ActiveRecord: 0.0ms)


Started GET "/secret" for ::1 at 2019-04-15 15:53:57 +1000
Processing by SecretController#home as HTML
  Rendering secret/home.html.erb within layouts/application
  Rendered secret/home.html.erb within layouts/application (0.8ms)
Completed 200 OK in 32ms (Views: 31.1ms | ActiveRecord: 0.0ms)


Started GET "/" for ::1 at 2019-04-15 15:55:32 +1000
Processing by HomeController#index as HTML
  Rendering home/index.html.erb within layouts/application
  Rendered home/index.html.erb within layouts/application (0.6ms)
Completed 200 OK in 11ms (Views: 10.0ms | ActiveRecord: 0.0ms)


Started GET "/rock" for ::1 at 2019-04-15 15:55:33 +1000
Processing by RockController#home as HTML
  Rendering rock/home.html.erb within layouts/application
  Rendered rock/home.html.erb within layouts/application (0.6ms)
Completed 200 OK in 33ms (Views: 31.9ms | ActiveRecord: 0.0ms)


Started GET "/" for ::1 at 2019-04-15 15:56:07 +1000
Processing by HomeController#index as HTML
  Rendering home/index.html.erb within layouts/application
  Rendered home/index.html.erb within layouts/application (1.4ms)
Completed 200 OK in 17ms (Views: 16.6ms | ActiveRecord: 0.0ms)


Started GET "/magic" for ::1 at 2019-04-15 15:56:08 +1000
Processing by MagicController#home as HTML
  Rendering magic/home.html.erb within layouts/application
  Rendered magic/home.html.erb within layouts/application (0.4ms)
Completed 200 OK in 31ms (Views: 29.5ms | ActiveRecord: 0.0ms)


Started GET "/secret" for ::1 at 2019-04-15 15:56:09 +1000
Processing by SecretController#home as HTML
  Rendering secret/home.html.erb within layouts/application
  Rendered secret/home.html.erb within layouts/application (1.4ms)
Completed 200 OK in 34ms (Views: 32.8ms | ActiveRecord: 0.0ms)


Started GET "/rock" for ::1 at 2019-04-15 15:56:10 +1000
Processing by RockController#home as HTML
  Rendering rock/home.html.erb within layouts/application
  Rendered rock/home.html.erb within layouts/application (0.7ms)
Completed 200 OK in 32ms (Views: 31.3ms | ActiveRecord: 0.0ms)


Started GET "/magic" for ::1 at 2019-04-15 15:56:11 +1000
Processing by MagicController#home as HTML
  Rendering magic/home.html.erb within layouts/application
  Rendered magic/home.html.erb within layouts/application (2.7ms)
Completed 200 OK in 34ms (Views: 33.1ms | ActiveRecord: 0.0ms)


Started GET "/magic" for ::1 at 2019-04-15 15:59:47 +1000
Processing by MagicController#home as HTML
  Rendering magic/home.html.erb within layouts/application
  Rendered magic/home.html.erb within layouts/application (0.8ms)
Completed 200 OK in 18ms (Views: 17.6ms | ActiveRecord: 0.0ms)


Started GET "/magic" for ::1 at 2019-04-15 16:11:20 +1000
Processing by MagicController#home as HTML
  Rendering magic/home.html.erb within layouts/application
  Rendered magic/home.html.erb within layouts/application (1.7ms)
Completed 200 OK in 34ms (Views: 31.3ms | ActiveRecord: 0.0ms)


Started GET "/magic/result?question=What+is+this%3F" for ::1 at 2019-04-15 16:11:27 +1000
Processing by MagicController#result as HTML
  Parameters: {"question"=>"What is this?"}
  Rendering magic/result.html.erb within layouts/application
  Rendered magic/result.html.erb within layouts/application (1.0ms)
Completed 200 OK in 32ms (Views: 27.1ms | ActiveRecord: 0.0ms)


Started GET "/magic/result?question=What+is+this%3F" for ::1 at 2019-04-15 16:11:31 +1000
Processing by MagicController#result as HTML
  Parameters: {"question"=>"What is this?"}
  Rendering magic/result.html.erb within layouts/application
  Rendered magic/result.html.erb within layouts/application (1.0ms)
Completed 200 OK in 19ms (Views: 18.2ms | ActiveRecord: 0.0ms)


Started GET "/magic/result?question=What+is+this%3F" for ::1 at 2019-04-15 16:11:32 +1000
Processing by MagicController#result as HTML
  Parameters: {"question"=>"What is this?"}
  Rendering magic/result.html.erb within layouts/application
  Rendered magic/result.html.erb within layouts/application (0.6ms)
Completed 200 OK in 14ms (Views: 13.4ms | ActiveRecord: 0.0ms)


Started GET "/magic/result?question=What+is+this%3F" for ::1 at 2019-04-15 16:11:33 +1000
Processing by MagicController#result as HTML
  Parameters: {"question"=>"What is this?"}
  Rendering magic/result.html.erb within layouts/application
  Rendered magic/result.html.erb within layouts/application (0.6ms)
Completed 200 OK in 137ms (Views: 136.3ms | ActiveRecord: 0.0ms)


Started GET "/magic/result?question=What+is+this%3F" for ::1 at 2019-04-15 16:11:34 +1000
Processing by MagicController#result as HTML
  Parameters: {"question"=>"What is this?"}
  Rendering magic/result.html.erb within layouts/application
  Rendered magic/result.html.erb within layouts/application (0.7ms)
Completed 200 OK in 14ms (Views: 13.2ms | ActiveRecord: 0.0ms)


Started GET "/magic/result?question=What+is+this%3F" for ::1 at 2019-04-15 16:11:35 +1000
Processing by MagicController#result as HTML
  Parameters: {"question"=>"What is this?"}
  Rendering magic/result.html.erb within layouts/application
  Rendered magic/result.html.erb within layouts/application (0.7ms)
Completed 200 OK in 12ms (Views: 11.7ms | ActiveRecord: 0.0ms)


Started GET "/magic/result?question=What+is+this%3F" for ::1 at 2019-04-15 16:11:35 +1000
Processing by MagicController#result as HTML
  Parameters: {"question"=>"What is this?"}
  Rendering magic/result.html.erb within layouts/application
  Rendered magic/result.html.erb within layouts/application (0.5ms)
Completed 200 OK in 12ms (Views: 11.6ms | ActiveRecord: 0.0ms)


Started GET "/magic/result?question=What+is+this%3F" for ::1 at 2019-04-15 16:11:36 +1000
Processing by MagicController#result as HTML
  Parameters: {"question"=>"What is this?"}
  Rendering magic/result.html.erb within layouts/application
  Rendered magic/result.html.erb within layouts/application (0.4ms)
Completed 200 OK in 12ms (Views: 11.7ms | ActiveRecord: 0.0ms)


Started GET "/magic/result?question=What+is+this%3F" for ::1 at 2019-04-15 16:11:36 +1000
Processing by MagicController#result as HTML
  Parameters: {"question"=>"What is this?"}
  Rendering magic/result.html.erb within layouts/application
  Rendered magic/result.html.erb within layouts/application (0.5ms)
Completed 200 OK in 13ms (Views: 11.9ms | ActiveRecord: 0.0ms)


Started GET "/magic/result?question=What+is+this%3F" for ::1 at 2019-04-15 16:11:36 +1000
Processing by MagicController#result as HTML
  Parameters: {"question"=>"What is this?"}
  Rendering magic/result.html.erb within layouts/application
  Rendered magic/result.html.erb within layouts/application (0.4ms)
Completed 200 OK in 12ms (Views: 11.0ms | ActiveRecord: 0.0ms)


Started GET "/magic/result?question=What+is+this%3F" for ::1 at 2019-04-15 16:11:36 +1000
Processing by MagicController#result as HTML
  Parameters: {"question"=>"What is this?"}
  Rendering magic/result.html.erb within layouts/application
  Rendered magic/result.html.erb within layouts/application (0.5ms)
Completed 200 OK in 12ms (Views: 10.9ms | ActiveRecord: 0.0ms)


Started GET "/magic/result?question=What+is+this%3F" for ::1 at 2019-04-15 16:11:37 +1000
Processing by MagicController#result as HTML
  Parameters: {"question"=>"What is this?"}
  Rendering magic/result.html.erb within layouts/application
  Rendered magic/result.html.erb within layouts/application (0.7ms)
Completed 200 OK in 18ms (Views: 17.3ms | ActiveRecord: 0.0ms)


Started GET "/magic/result?question=What+is+this%3F" for ::1 at 2019-04-15 16:11:37 +1000
Processing by MagicController#result as HTML
  Parameters: {"question"=>"What is this?"}
  Rendering magic/result.html.erb within layouts/application
  Rendered magic/result.html.erb within layouts/application (0.5ms)
Completed 200 OK in 14ms (Views: 13.6ms | ActiveRecord: 0.0ms)


Started GET "/magic/result?question=What+is+this%3F" for ::1 at 2019-04-15 16:11:37 +1000
Processing by MagicController#result as HTML
  Parameters: {"question"=>"What is this?"}
  Rendering magic/result.html.erb within layouts/application
  Rendered magic/result.html.erb within layouts/application (0.4ms)
Completed 200 OK in 11ms (Views: 10.4ms | ActiveRecord: 0.0ms)


Started GET "/magic/result?question=What+is+this%3F" for ::1 at 2019-04-15 16:11:37 +1000
Processing by MagicController#result as HTML
  Parameters: {"question"=>"What is this?"}
  Rendering magic/result.html.erb within layouts/application
  Rendered magic/result.html.erb within layouts/application (0.5ms)
Completed 200 OK in 12ms (Views: 11.0ms | ActiveRecord: 0.0ms)


Started GET "/magic/result?question=What+is+this%3F" for ::1 at 2019-04-15 16:11:38 +1000
Processing by MagicController#result as HTML
  Parameters: {"question"=>"What is this?"}
  Rendering magic/result.html.erb within layouts/application
  Rendered magic/result.html.erb within layouts/application (0.4ms)
Completed 200 OK in 12ms (Views: 10.8ms | ActiveRecord: 0.0ms)


Started GET "/magic/result?question=What+is+this%3F" for ::1 at 2019-04-15 16:11:38 +1000
Processing by MagicController#result as HTML
  Parameters: {"question"=>"What is this?"}
  Rendering magic/result.html.erb within layouts/application
  Rendered magic/result.html.erb within layouts/application (0.5ms)
Completed 200 OK in 11ms (Views: 10.6ms | ActiveRecord: 0.0ms)


Started GET "/magic/result?question=What+is+this%3F" for ::1 at 2019-04-15 16:11:38 +1000
Processing by MagicController#result as HTML
  Parameters: {"question"=>"What is this?"}
  Rendering magic/result.html.erb within layouts/application
  Rendered magic/result.html.erb within layouts/application (0.6ms)
Completed 200 OK in 12ms (Views: 11.2ms | ActiveRecord: 0.0ms)


Started GET "/magic/result?question=What+is+this%3F" for ::1 at 2019-04-15 16:11:38 +1000
Processing by MagicController#result as HTML
  Parameters: {"question"=>"What is this?"}
  Rendering magic/result.html.erb within layouts/application
  Rendered magic/result.html.erb within layouts/application (0.4ms)
Completed 200 OK in 11ms (Views: 10.1ms | ActiveRecord: 0.0ms)


Started GET "/magic/result?question=What+is+this%3F" for ::1 at 2019-04-15 16:11:38 +1000
Processing by MagicController#result as HTML
  Parameters: {"question"=>"What is this?"}
  Rendering magic/result.html.erb within layouts/application
  Rendered magic/result.html.erb within layouts/application (0.4ms)
Completed 200 OK in 11ms (Views: 10.5ms | ActiveRecord: 0.0ms)


Started GET "/magic/result?question=What+is+this%3F" for ::1 at 2019-04-15 16:11:39 +1000
Processing by MagicController#result as HTML
  Parameters: {"question"=>"What is this?"}
  Rendering magic/result.html.erb within layouts/application
  Rendered magic/result.html.erb within layouts/application (0.5ms)
Completed 200 OK in 11ms (Views: 10.7ms | ActiveRecord: 0.0ms)


Started GET "/magic/result?question=What+is+this%3F" for ::1 at 2019-04-15 16:11:39 +1000
Processing by MagicController#result as HTML
  Parameters: {"question"=>"What is this?"}
  Rendering magic/result.html.erb within layouts/application
  Rendered magic/result.html.erb within layouts/application (0.4ms)
Completed 200 OK in 12ms (Views: 11.1ms | ActiveRecord: 0.0ms)


Started GET "/magic/result?question=What+is+this%3F" for ::1 at 2019-04-15 16:11:39 +1000
Processing by MagicController#result as HTML
  Parameters: {"question"=>"What is this?"}
  Rendering magic/result.html.erb within layouts/application
  Rendered magic/result.html.erb within layouts/application (0.5ms)
Completed 200 OK in 12ms (Views: 11.3ms | ActiveRecord: 0.0ms)


Started GET "/magic/result?question=What+is+this%3F" for ::1 at 2019-04-15 16:11:39 +1000
Processing by MagicController#result as HTML
  Parameters: {"question"=>"What is this?"}
  Rendering magic/result.html.erb within layouts/application
  Rendered magic/result.html.erb within layouts/application (0.6ms)
Completed 200 OK in 13ms (Views: 12.0ms | ActiveRecord: 0.0ms)


Started GET "/magic/result?question=What+is+this%3F" for ::1 at 2019-04-15 16:11:40 +1000
Processing by MagicController#result as HTML
  Parameters: {"question"=>"What is this?"}
  Rendering magic/result.html.erb within layouts/application
  Rendered magic/result.html.erb within layouts/application (0.4ms)
Completed 200 OK in 12ms (Views: 11.0ms | ActiveRecord: 0.0ms)


Started GET "/magic/result?question=What+is+this%3F" for ::1 at 2019-04-15 16:11:40 +1000
Processing by MagicController#result as HTML
  Parameters: {"question"=>"What is this?"}
  Rendering magic/result.html.erb within layouts/application
  Rendered magic/result.html.erb within layouts/application (0.4ms)
Completed 200 OK in 12ms (Views: 11.5ms | ActiveRecord: 0.0ms)


Started GET "/magic/result?question=What+is+this%3F" for ::1 at 2019-04-15 16:11:40 +1000
Processing by MagicController#result as HTML
  Parameters: {"question"=>"What is this?"}
  Rendering magic/result.html.erb within layouts/application
  Rendered magic/result.html.erb within layouts/application (0.4ms)
Completed 200 OK in 11ms (Views: 10.6ms | ActiveRecord: 0.0ms)


Started GET "/magic/result?question=What+is+this%3F" for ::1 at 2019-04-15 16:12:13 +1000
Processing by MagicController#result as HTML
  Parameters: {"question"=>"What is this?"}
  Rendering magic/result.html.erb within layouts/application
  Rendered magic/result.html.erb within layouts/application (2.4ms)
Completed 500 Internal Server Error in 7ms (ActiveRecord: 0.0ms)


  
SyntaxError (/Users/ritikagoel/Projects/sei31-homework/ritika_goel/week05/games/app/views/magic/result.html.erb:3: syntax error, unexpected ':', expecting ')'
...tput_buffer.append=( @question: );@output_buffer.safe_append...
...                              ^
/Users/ritikagoel/Projects/sei31-homework/ritika_goel/week05/games/app/views/magic/result.html.erb:7: syntax error, unexpected ensure, expecting ')'
          ensure
          ^~~~~~
/Users/ritikagoel/Projects/sei31-homework/ritika_goel/week05/games/app/views/magic/result.html.erb:9: syntax error, unexpected end, expecting ')'
          end
          ^~~):
  
app/views/magic/result.html.erb:3: syntax error, unexpected ':', expecting ')'
app/views/magic/result.html.erb:7: syntax error, unexpected ensure, expecting ')'
app/views/magic/result.html.erb:9: syntax error, unexpected end, expecting ')'
app/controllers/magic_controller.rb:32:in `result'
Started GET "/magic/result?question=What+is+this%3F" for ::1 at 2019-04-15 16:12:24 +1000
Processing by MagicController#result as HTML
  Parameters: {"question"=>"What is this?"}
  Rendering magic/result.html.erb within layouts/application
  Rendered magic/result.html.erb within layouts/application (0.5ms)
Completed 200 OK in 23ms (Views: 22.2ms | ActiveRecord: 0.0ms)


Started GET "/magic/result?question=What+is+this%3F" for ::1 at 2019-04-15 16:17:00 +1000
Processing by MagicController#result as HTML
  Parameters: {"question"=>"What is this?"}
  Rendering magic/result.html.erb within layouts/application
  Rendered magic/result.html.erb within layouts/application (0.5ms)
Completed 200 OK in 17ms (Views: 16.6ms | ActiveRecord: 0.0ms)


Started GET "/secret" for ::1 at 2019-04-15 16:17:01 +1000
Processing by SecretController#home as HTML
  Rendering secret/home.html.erb within layouts/application
  Rendered secret/home.html.erb within layouts/application (0.7ms)
Completed 200 OK in 22ms (Views: 21.1ms | ActiveRecord: 0.0ms)


Started GET "/secret/result?guess=3" for ::1 at 2019-04-15 16:17:10 +1000
Processing by SecretController#result as HTML
  Parameters: {"guess"=>"3"}
  Rendering secret/result.html.erb within layouts/application
  Rendered secret/result.html.erb within layouts/application (0.8ms)
Completed 200 OK in 19ms (Views: 18.2ms | ActiveRecord: 0.0ms)


Started GET "/secret/result?guess=3" for ::1 at 2019-04-15 16:20:30 +1000
Processing by SecretController#result as HTML
  Parameters: {"guess"=>"3"}
  Rendering secret/result.html.erb within layouts/application
  Rendered secret/result.html.erb within layouts/application (0.9ms)
Completed 200 OK in 21ms (Views: 20.3ms | ActiveRecord: 0.0ms)


Started GET "/secret/result?guess=3" for ::1 at 2019-04-15 16:20:33 +1000
Processing by SecretController#result as HTML
  Parameters: {"guess"=>"3"}
  Rendering secret/result.html.erb within layouts/application
  Rendered secret/result.html.erb within layouts/application (0.9ms)
Completed 200 OK in 14ms (Views: 13.5ms | ActiveRecord: 0.0ms)


Started GET "/secret/result?guess=3" for ::1 at 2019-04-15 16:20:34 +1000
Processing by SecretController#result as HTML
  Parameters: {"guess"=>"3"}
  Rendering secret/result.html.erb within layouts/application
  Rendered secret/result.html.erb within layouts/application (0.7ms)
Completed 200 OK in 12ms (Views: 11.1ms | ActiveRecord: 0.0ms)


Started GET "/secret/result?guess=3" for ::1 at 2019-04-15 16:20:34 +1000
Processing by SecretController#result as HTML
  Parameters: {"guess"=>"3"}
  Rendering secret/result.html.erb within layouts/application
  Rendered secret/result.html.erb within layouts/application (0.6ms)
Completed 200 OK in 12ms (Views: 11.0ms | ActiveRecord: 0.0ms)


Started GET "/secret" for ::1 at 2019-04-15 16:21:33 +1000
Processing by SecretController#home as HTML
  Rendering secret/home.html.erb
  Rendered secret/home.html.erb (0.6ms)
Completed 200 OK in 3ms (Views: 2.2ms | ActiveRecord: 0.0ms)


Started GET "/secret/result?guess=5" for ::1 at 2019-04-15 16:21:36 +1000
Processing by SecretController#result as HTML
  Parameters: {"guess"=>"5"}
  Rendering secret/result.html.erb
  Rendered secret/result.html.erb (0.6ms)
Completed 200 OK in 3ms (Views: 2.3ms | ActiveRecord: 0.0ms)


Started GET "/secret/result?guess=2" for ::1 at 2019-04-15 16:21:43 +1000
Processing by SecretController#result as HTML
  Parameters: {"guess"=>"2"}
  Rendering secret/result.html.erb
  Rendered secret/result.html.erb (0.7ms)
Completed 200 OK in 4ms (Views: 2.9ms | ActiveRecord: 0.0ms)


Started GET "/secret/result?guess=1" for ::1 at 2019-04-15 16:21:45 +1000
Processing by SecretController#result as HTML
  Parameters: {"guess"=>"1"}
  Rendering secret/result.html.erb
  Rendered secret/result.html.erb (0.6ms)
Completed 200 OK in 3ms (Views: 2.1ms | ActiveRecord: 0.0ms)


Started GET "/secret/result?guess=3" for ::1 at 2019-04-15 16:21:48 +1000
Processing by SecretController#result as HTML
  Parameters: {"guess"=>"3"}
  Rendering secret/result.html.erb
  Rendered secret/result.html.erb (0.5ms)
Completed 200 OK in 4ms (Views: 2.7ms | ActiveRecord: 0.0ms)


Started GET "/secret/result?guess=4" for ::1 at 2019-04-15 16:21:50 +1000
Processing by SecretController#result as HTML
  Parameters: {"guess"=>"4"}
  Rendering secret/result.html.erb
  Rendered secret/result.html.erb (0.6ms)
Completed 200 OK in 3ms (Views: 2.2ms | ActiveRecord: 0.0ms)


Started GET "/secret/result?guess=6" for ::1 at 2019-04-15 16:21:53 +1000
Processing by SecretController#result as HTML
  Parameters: {"guess"=>"6"}
  Rendering secret/result.html.erb
  Rendered secret/result.html.erb (0.9ms)
Completed 200 OK in 3ms (Views: 2.9ms | ActiveRecord: 0.0ms)


Started GET "/secret/result?guess=7" for ::1 at 2019-04-15 16:21:56 +1000
Processing by SecretController#result as HTML
  Parameters: {"guess"=>"7"}
  Rendering secret/result.html.erb
  Rendered secret/result.html.erb (0.7ms)
Completed 200 OK in 3ms (Views: 2.2ms | ActiveRecord: 0.0ms)


Started GET "/secret/result?guess=8" for ::1 at 2019-04-15 16:21:59 +1000
Processing by SecretController#result as HTML
  Parameters: {"guess"=>"8"}
  Rendering secret/result.html.erb
  Rendered secret/result.html.erb (0.8ms)
Completed 200 OK in 4ms (Views: 2.7ms | ActiveRecord: 0.0ms)


Started GET "/secret/result?guess=9" for ::1 at 2019-04-15 16:22:03 +1000
Processing by SecretController#result as HTML
  Parameters: {"guess"=>"9"}
  Rendering secret/result.html.erb
  Rendered secret/result.html.erb (0.7ms)
Completed 200 OK in 3ms (Views: 2.6ms | ActiveRecord: 0.0ms)


Started GET "/secret/result?guess=10" for ::1 at 2019-04-15 16:22:07 +1000
Processing by SecretController#result as HTML
  Parameters: {"guess"=>"10"}
  Rendering secret/result.html.erb
  Rendered secret/result.html.erb (0.5ms)
Completed 200 OK in 3ms (Views: 2.3ms | ActiveRecord: 0.0ms)


Started GET "/secret/result" for ::1 at 2019-04-15 16:23:55 +1000
Processing by SecretController#result as HTML
  Rendering secret/home.html.erb
  Rendered secret/home.html.erb (1.7ms)
Completed 200 OK in 7ms (Views: 5.5ms | ActiveRecord: 0.0ms)


Started GET "/secret/result" for ::1 at 2019-04-15 16:23:57 +1000
Processing by SecretController#result as HTML
  Rendering secret/home.html.erb
  Rendered secret/home.html.erb (0.5ms)
Completed 200 OK in 2ms (Views: 1.8ms | ActiveRecord: 0.0ms)


Started GET "/secret/result?guess=1" for ::1 at 2019-04-15 16:23:59 +1000
Processing by SecretController#result as HTML
  Parameters: {"guess"=>"1"}
  Rendering secret/home.html.erb
  Rendered secret/home.html.erb (0.5ms)
Completed 200 OK in 10ms (Views: 9.4ms | ActiveRecord: 0.0ms)


Started GET "/secret/result?guess=2" for ::1 at 2019-04-15 16:24:00 +1000
Processing by SecretController#result as HTML
  Parameters: {"guess"=>"2"}
  Rendering secret/home.html.erb
  Rendered secret/home.html.erb (0.5ms)
Completed 200 OK in 3ms (Views: 2.1ms | ActiveRecord: 0.0ms)


Started GET "/secret/result?guess=3" for ::1 at 2019-04-15 16:24:02 +1000
Processing by SecretController#result as HTML
  Parameters: {"guess"=>"3"}
  Rendering secret/home.html.erb
  Rendered secret/home.html.erb (0.6ms)
Completed 200 OK in 2ms (Views: 1.7ms | ActiveRecord: 0.0ms)


Started GET "/secret/result?guess=4" for ::1 at 2019-04-15 16:24:02 +1000
Processing by SecretController#result as HTML
  Parameters: {"guess"=>"4"}
  Rendering secret/home.html.erb
  Rendered secret/home.html.erb (0.4ms)
Completed 200 OK in 2ms (Views: 1.8ms | ActiveRecord: 0.0ms)


Started GET "/secret/result?guess=4" for ::1 at 2019-04-15 16:24:04 +1000
Processing by SecretController#result as HTML
  Parameters: {"guess"=>"4"}
  Rendering secret/home.html.erb
  Rendered secret/home.html.erb (0.4ms)
Completed 200 OK in 2ms (Views: 1.6ms | ActiveRecord: 0.0ms)


Started GET "/secret/result?guess=6" for ::1 at 2019-04-15 16:24:06 +1000
Processing by SecretController#result as HTML
  Parameters: {"guess"=>"6"}
  Rendering secret/home.html.erb
  Rendered secret/home.html.erb (0.4ms)
Completed 200 OK in 3ms (Views: 2.1ms | ActiveRecord: 0.0ms)


Started GET "/secret/result?guess=7" for ::1 at 2019-04-15 16:24:06 +1000
Processing by SecretController#result as HTML
  Parameters: {"guess"=>"7"}
  Rendering secret/home.html.erb
  Rendered secret/home.html.erb (0.4ms)
Completed 200 OK in 2ms (Views: 1.9ms | ActiveRecord: 0.0ms)


Started GET "/secret/result?guess=8" for ::1 at 2019-04-15 16:24:07 +1000
Processing by SecretController#result as HTML
  Parameters: {"guess"=>"8"}
  Rendering secret/home.html.erb
  Rendered secret/home.html.erb (0.4ms)
Completed 200 OK in 2ms (Views: 1.6ms | ActiveRecord: 0.0ms)


Started GET "/secret/result?guess=9" for ::1 at 2019-04-15 16:24:09 +1000
Processing by SecretController#result as HTML
  Parameters: {"guess"=>"9"}
  Rendering secret/home.html.erb
  Rendered secret/home.html.erb (0.4ms)
Completed 200 OK in 2ms (Views: 1.6ms | ActiveRecord: 0.0ms)


Started GET "/secret/result?guess=10" for ::1 at 2019-04-15 16:24:10 +1000
Processing by SecretController#result as HTML
  Parameters: {"guess"=>"10"}
  Rendering secret/home.html.erb
  Rendered secret/home.html.erb (0.4ms)
Completed 200 OK in 2ms (Views: 1.7ms | ActiveRecord: 0.0ms)


Started GET "/secret/result?guess=5" for ::1 at 2019-04-15 16:24:12 +1000
Processing by SecretController#result as HTML
  Parameters: {"guess"=>"5"}
  Rendering secret/home.html.erb
  Rendered secret/home.html.erb (0.4ms)
Completed 200 OK in 3ms (Views: 2.1ms | ActiveRecord: 0.0ms)


Started GET "/secret/result?guess=1" for ::1 at 2019-04-15 16:24:13 +1000
Processing by SecretController#result as HTML
  Parameters: {"guess"=>"1"}
  Rendering secret/home.html.erb
  Rendered secret/home.html.erb (0.4ms)
Completed 200 OK in 3ms (Views: 2.0ms | ActiveRecord: 0.0ms)


Started GET "/secret/result?guess=2" for ::1 at 2019-04-15 16:24:14 +1000
Processing by SecretController#result as HTML
  Parameters: {"guess"=>"2"}
  Rendering secret/home.html.erb
  Rendered secret/home.html.erb (0.3ms)
Completed 200 OK in 2ms (Views: 1.6ms | ActiveRecord: 0.0ms)


Started GET "/secret/result?guess=3" for ::1 at 2019-04-15 16:24:15 +1000
Processing by SecretController#result as HTML
  Parameters: {"guess"=>"3"}
  Rendering secret/home.html.erb
  Rendered secret/home.html.erb (0.3ms)
Completed 200 OK in 2ms (Views: 1.7ms | ActiveRecord: 0.0ms)


Started GET "/secret/result?guess=4" for ::1 at 2019-04-15 16:24:15 +1000
Processing by SecretController#result as HTML
  Parameters: {"guess"=>"4"}
  Rendering secret/home.html.erb
  Rendered secret/home.html.erb (0.5ms)
Completed 200 OK in 2ms (Views: 1.7ms | ActiveRecord: 0.0ms)


Started GET "/secret/result?guess=4" for ::1 at 2019-04-15 16:24:16 +1000
Processing by SecretController#result as HTML
  Parameters: {"guess"=>"4"}
  Rendering secret/home.html.erb
  Rendered secret/home.html.erb (0.6ms)
Completed 200 OK in 4ms (Views: 2.7ms | ActiveRecord: 0.0ms)


Started GET "/secret/result?guess=5" for ::1 at 2019-04-15 16:24:16 +1000
Processing by SecretController#result as HTML
  Parameters: {"guess"=>"5"}
  Rendering secret/home.html.erb
  Rendered secret/home.html.erb (0.4ms)
Completed 200 OK in 2ms (Views: 1.8ms | ActiveRecord: 0.0ms)


Started GET "/secret/result?guess=6" for ::1 at 2019-04-15 16:24:16 +1000
Processing by SecretController#result as HTML
  Parameters: {"guess"=>"6"}
  Rendering secret/home.html.erb
  Rendered secret/home.html.erb (0.4ms)
Completed 200 OK in 2ms (Views: 1.5ms | ActiveRecord: 0.0ms)


Started GET "/secret/result?guess=7" for ::1 at 2019-04-15 16:24:17 +1000
Processing by SecretController#result as HTML
  Parameters: {"guess"=>"7"}
  Rendering secret/home.html.erb
  Rendered secret/home.html.erb (0.4ms)
Completed 200 OK in 2ms (Views: 1.7ms | ActiveRecord: 0.0ms)


Started GET "/secret/result?guess=7" for ::1 at 2019-04-15 16:24:17 +1000
Processing by SecretController#result as HTML
  Parameters: {"guess"=>"7"}
  Rendering secret/home.html.erb
  Rendered secret/home.html.erb (0.4ms)
Completed 200 OK in 2ms (Views: 1.6ms | ActiveRecord: 0.0ms)


Started GET "/secret/result?guess=7" for ::1 at 2019-04-15 16:27:12 +1000
Processing by SecretController#result as HTML
  Parameters: {"guess"=>"7"}
  Rendering secret/home.html.erb
  Rendered secret/home.html.erb (0.3ms)
Completed 200 OK in 3ms (Views: 1.7ms | ActiveRecord: 0.0ms)


Started GET "/secret/result?guess=7" for ::1 at 2019-04-15 16:27:14 +1000
Processing by SecretController#result as HTML
  Parameters: {"guess"=>"7"}
  Rendering secret/home.html.erb
  Rendered secret/home.html.erb (0.4ms)
Completed 200 OK in 3ms (Views: 1.9ms | ActiveRecord: 0.0ms)


Started GET "/secret" for ::1 at 2019-04-15 16:27:18 +1000
Processing by SecretController#home as HTML
  Rendering secret/home.html.erb
  Rendered secret/home.html.erb (0.5ms)
Completed 200 OK in 2ms (Views: 1.8ms | ActiveRecord: 0.0ms)


Started GET "/secret" for ::1 at 2019-04-15 16:27:31 +1000
Processing by SecretController#home as HTML
  Rendering secret/home.html.erb
  Rendered secret/home.html.erb (0.6ms)
Completed 200 OK in 3ms (Views: 2.3ms | ActiveRecord: 0.0ms)


Started GET "/secret/result?guess=1" for ::1 at 2019-04-15 16:27:34 +1000
Processing by SecretController#result as HTML
  Parameters: {"guess"=>"1"}
  Rendering secret/home.html.erb
  Rendered secret/home.html.erb (0.5ms)
Completed 200 OK in 3ms (Views: 2.0ms | ActiveRecord: 0.0ms)


Started GET "/secret/result?guess=2" for ::1 at 2019-04-15 16:27:37 +1000
Processing by SecretController#result as HTML
  Parameters: {"guess"=>"2"}
  Rendering secret/home.html.erb
  Rendered secret/home.html.erb (1.1ms)
Completed 200 OK in 4ms (Views: 3.2ms | ActiveRecord: 0.0ms)


Started GET "/secret/result?guess=3" for ::1 at 2019-04-15 16:27:40 +1000
Processing by SecretController#result as HTML
  Parameters: {"guess"=>"3"}
  Rendering secret/home.html.erb
  Rendered secret/home.html.erb (0.4ms)
Completed 200 OK in 3ms (Views: 2.0ms | ActiveRecord: 0.0ms)


Started GET "/secret/result?guess=4" for ::1 at 2019-04-15 16:27:42 +1000
Processing by SecretController#result as HTML
  Parameters: {"guess"=>"4"}
  Rendering secret/home.html.erb
  Rendered secret/home.html.erb (0.4ms)
Completed 200 OK in 3ms (Views: 2.4ms | ActiveRecord: 0.0ms)


Started GET "/secret/result?guess=5" for ::1 at 2019-04-15 16:27:45 +1000
Processing by SecretController#result as HTML
  Parameters: {"guess"=>"5"}
  Rendering secret/home.html.erb
  Rendered secret/home.html.erb (0.4ms)
Completed 200 OK in 2ms (Views: 1.7ms | ActiveRecord: 0.0ms)


Started GET "/secret/result?guess=6" for ::1 at 2019-04-15 16:27:47 +1000
Processing by SecretController#result as HTML
  Parameters: {"guess"=>"6"}
  Rendering secret/home.html.erb
  Rendered secret/home.html.erb (0.9ms)
Completed 200 OK in 4ms (Views: 2.7ms | ActiveRecord: 0.0ms)


Started GET "/secret/result?guess=7" for ::1 at 2019-04-15 16:27:49 +1000
Processing by SecretController#result as HTML
  Parameters: {"guess"=>"7"}
  Rendering secret/home.html.erb
  Rendered secret/home.html.erb (0.4ms)
Completed 200 OK in 2ms (Views: 1.6ms | ActiveRecord: 0.0ms)


Started GET "/secret/result?guess=8" for ::1 at 2019-04-15 16:27:51 +1000
Processing by SecretController#result as HTML
  Parameters: {"guess"=>"8"}
  Rendering secret/home.html.erb
  Rendered secret/home.html.erb (0.5ms)
Completed 200 OK in 2ms (Views: 1.8ms | ActiveRecord: 0.0ms)


Started GET "/secret/result?guess=9" for ::1 at 2019-04-15 16:27:53 +1000
Processing by SecretController#result as HTML
  Parameters: {"guess"=>"9"}
  Rendering secret/home.html.erb
  Rendered secret/home.html.erb (0.5ms)
Completed 200 OK in 2ms (Views: 1.8ms | ActiveRecord: 0.0ms)


Started GET "/secret/result?guess=10" for ::1 at 2019-04-15 16:27:56 +1000
Processing by SecretController#result as HTML
  Parameters: {"guess"=>"10"}
  Rendering secret/home.html.erb
  Rendered secret/home.html.erb (0.5ms)
Completed 200 OK in 2ms (Views: 1.6ms | ActiveRecord: 0.0ms)


Started GET "/secret/result?guess=10" for ::1 at 2019-04-15 16:29:20 +1000
Processing by SecretController#result as HTML
  Parameters: {"guess"=>"10"}
  Rendering secret/home.html.erb
  Rendered secret/home.html.erb (0.4ms)
Completed 200 OK in 3ms (Views: 2.0ms | ActiveRecord: 0.0ms)


Started GET "/secret/result?guess=1" for ::1 at 2019-04-15 16:29:24 +1000
Processing by SecretController#result as HTML
  Parameters: {"guess"=>"1"}
  Rendering secret/home.html.erb
  Rendered secret/home.html.erb (0.5ms)
Completed 200 OK in 3ms (Views: 2.0ms | ActiveRecord: 0.0ms)


Started GET "/secret/result?guess=2" for ::1 at 2019-04-15 16:29:27 +1000
Processing by SecretController#result as HTML
  Parameters: {"guess"=>"2"}
  Rendering secret/home.html.erb
  Rendered secret/home.html.erb (1.3ms)
Completed 200 OK in 3ms (Views: 2.7ms | ActiveRecord: 0.0ms)


Started GET "/secret/result?guess=2" for ::1 at 2019-04-15 16:29:30 +1000
Processing by SecretController#result as HTML
  Parameters: {"guess"=>"2"}
  Rendering secret/home.html.erb
  Rendered secret/home.html.erb (0.6ms)
Completed 200 OK in 3ms (Views: 2.6ms | ActiveRecord: 0.0ms)


Started GET "/secret/result?guess=2" for ::1 at 2019-04-15 16:29:32 +1000
Processing by SecretController#result as HTML
  Parameters: {"guess"=>"2"}
  Rendering secret/home.html.erb
  Rendered secret/home.html.erb (0.4ms)
Completed 200 OK in 2ms (Views: 1.4ms | ActiveRecord: 0.0ms)


Started GET "/secret/result?guess=9" for ::1 at 2019-04-15 16:29:34 +1000
Processing by SecretController#result as HTML
  Parameters: {"guess"=>"9"}
  Rendering secret/home.html.erb
  Rendered secret/home.html.erb (0.6ms)
Completed 200 OK in 2ms (Views: 1.9ms | ActiveRecord: 0.0ms)


Started GET "/secret/" for ::1 at 2019-04-15 16:30:06 +1000
Processing by SecretController#home as HTML
  Rendering secret/home.html.erb
  Rendered secret/home.html.erb (0.7ms)
Completed 200 OK in 3ms (Views: 2.5ms | ActiveRecord: 0.0ms)


Started GET "/secret/result?guess=3" for ::1 at 2019-04-15 16:30:10 +1000
Processing by SecretController#result as HTML
  Parameters: {"guess"=>"3"}
  Rendering secret/home.html.erb
  Rendered secret/home.html.erb (0.5ms)
Completed 200 OK in 3ms (Views: 2.4ms | ActiveRecord: 0.0ms)


Started GET "/secret/result?guess=3" for ::1 at 2019-04-15 16:30:16 +1000
Processing by SecretController#result as HTML
  Parameters: {"guess"=>"3"}
  Rendering secret/home.html.erb
  Rendered secret/home.html.erb (0.6ms)
Completed 200 OK in 2ms (Views: 1.9ms | ActiveRecord: 0.0ms)


Started GET "/secret/" for ::1 at 2019-04-15 16:33:42 +1000
Processing by SecretController#home as HTML
  Rendering secret/home.html.erb
  Rendered secret/home.html.erb (298.0ms)
Completed 500 Internal Server Error in 301ms (ActiveRecord: 0.0ms)


  
ActionView::Template::Error (undefined local variable or method `secret_result_path' for #<#<Class:0x00007fd8f3e8efa8>:0x00007fd8f3e8d6d0>
Did you mean?  secret_path):
    2: 
    3: <%= @random_number %>
    4: 
    5: <%= link_to "1", secret_result_path %>
    6: <%# <form action="/secret/result">
    7:   <label for="">
    8:     Guess a number:
  
app/views/secret/home.html.erb:5:in `_app_views_secret_home_html_erb___4143692649909853784_70284890890860'
app/controllers/secret_controller.rb:7:in `home'
Started GET "/secret/" for ::1 at 2019-04-15 16:34:52 +1000
Processing by SecretController#home as HTML
  Rendering secret/home.html.erb
  Rendered secret/home.html.erb (0.5ms)
Completed 200 OK in 3ms (Views: 2.3ms | ActiveRecord: 0.0ms)


Started GET "/secret/result?guess=5" for ::1 at 2019-04-15 16:34:56 +1000
Processing by SecretController#result as HTML
  Parameters: {"guess"=>"5"}
  Rendering secret/home.html.erb
  Rendered secret/home.html.erb (1.0ms)
Completed 200 OK in 4ms (Views: 2.7ms | ActiveRecord: 0.0ms)


Started GET "/secret/result?guess=5" for ::1 at 2019-04-15 16:38:07 +1000
Processing by SecretController#result as HTML
  Parameters: {"guess"=>"5"}
  Rendering secret/home.html.erb within layouts/application
  Rendered secret/home.html.erb within layouts/application (0.5ms)
Completed 200 OK in 31ms (Views: 30.7ms | ActiveRecord: 0.0ms)


Started GET "/secret/result?guess=5" for ::1 at 2019-04-15 16:38:14 +1000
Processing by SecretController#result as HTML
  Parameters: {"guess"=>"5"}
  Rendering secret/home.html.erb within layouts/application
  Rendered secret/home.html.erb within layouts/application (0.6ms)
Completed 200 OK in 31ms (Views: 30.2ms | ActiveRecord: 0.0ms)


Started GET "/secret/result?guess=5" for ::1 at 2019-04-15 16:38:27 +1000
Processing by SecretController#result as HTML
  Parameters: {"guess"=>"5"}
  Rendering secret/home.html.erb within layouts/application
  Rendered secret/home.html.erb within layouts/application (0.4ms)
Completed 200 OK in 18ms (Views: 17.4ms | ActiveRecord: 0.0ms)


Started GET "/secret/result?guess=4" for ::1 at 2019-04-15 16:38:30 +1000
Processing by SecretController#result as HTML
  Parameters: {"guess"=>"4"}
  Rendering secret/home.html.erb within layouts/application
  Rendered secret/home.html.erb within layouts/application (0.7ms)
Completed 200 OK in 22ms (Views: 20.5ms | ActiveRecord: 0.0ms)


Started GET "/secret/result?guess=5" for ::1 at 2019-04-15 16:38:32 +1000
Processing by SecretController#result as HTML
  Parameters: {"guess"=>"5"}
  Rendering secret/home.html.erb within layouts/application
  Rendered secret/home.html.erb within layouts/application (1.0ms)
Completed 200 OK in 25ms (Views: 24.7ms | ActiveRecord: 0.0ms)


Started GET "/secret/result?guess=7" for ::1 at 2019-04-15 16:38:36 +1000
Processing by SecretController#result as HTML
  Parameters: {"guess"=>"7"}
  Rendering secret/home.html.erb within layouts/application
  Rendered secret/home.html.erb within layouts/application (0.5ms)
Completed 200 OK in 23ms (Views: 22.7ms | ActiveRecord: 0.0ms)


Started GET "/secret/result?guess=8" for ::1 at 2019-04-15 16:38:37 +1000
Processing by SecretController#result as HTML
  Parameters: {"guess"=>"8"}
  Rendering secret/home.html.erb within layouts/application
  Rendered secret/home.html.erb within layouts/application (0.5ms)
Completed 200 OK in 26ms (Views: 24.6ms | ActiveRecord: 0.0ms)


Started GET "/secret/result?guess=8" for ::1 at 2019-04-15 16:38:39 +1000
Processing by SecretController#result as HTML
  Parameters: {"guess"=>"8"}
  Rendering secret/home.html.erb within layouts/application
  Rendered secret/home.html.erb within layouts/application (0.4ms)
Completed 200 OK in 23ms (Views: 22.2ms | ActiveRecord: 0.0ms)


Started GET "/secret/result?guess=8" for ::1 at 2019-04-15 16:38:39 +1000
Processing by SecretController#result as HTML
  Parameters: {"guess"=>"8"}
  Rendering secret/home.html.erb within layouts/application
  Rendered secret/home.html.erb within layouts/application (0.4ms)
Completed 200 OK in 27ms (Views: 25.1ms | ActiveRecord: 0.0ms)


Started GET "/secret/result?guess=8" for ::1 at 2019-04-15 16:38:40 +1000
Processing by SecretController#result as HTML
  Parameters: {"guess"=>"8"}
  Rendering secret/home.html.erb within layouts/application
  Rendered secret/home.html.erb within layouts/application (0.5ms)
Completed 200 OK in 28ms (Views: 27.2ms | ActiveRecord: 0.0ms)


Started GET "/secret/result?guess=8" for ::1 at 2019-04-15 16:38:41 +1000
Processing by SecretController#result as HTML
  Parameters: {"guess"=>"8"}
  Rendering secret/home.html.erb within layouts/application
  Rendered secret/home.html.erb within layouts/application (0.8ms)
Completed 200 OK in 33ms (Views: 32.7ms | ActiveRecord: 0.0ms)


Started GET "/secret/result?guess=8" for ::1 at 2019-04-15 16:38:42 +1000
Processing by SecretController#result as HTML
  Parameters: {"guess"=>"8"}
  Rendering secret/home.html.erb within layouts/application
  Rendered secret/home.html.erb within layouts/application (0.4ms)
Completed 200 OK in 26ms (Views: 23.8ms | ActiveRecord: 0.0ms)


Started GET "/secret/result?guess=88" for ::1 at 2019-04-15 16:38:44 +1000
Processing by SecretController#result as HTML
  Parameters: {"guess"=>"88"}
  Rendering secret/home.html.erb within layouts/application
  Rendered secret/home.html.erb within layouts/application (0.6ms)
Completed 200 OK in 61ms (Views: 60.1ms | ActiveRecord: 0.0ms)


Started GET "/secret/result?guess=8" for ::1 at 2019-04-15 16:38:46 +1000
Processing by SecretController#result as HTML
  Parameters: {"guess"=>"8"}
  Rendering secret/home.html.erb within layouts/application
  Rendered secret/home.html.erb within layouts/application (0.6ms)
Completed 200 OK in 16ms (Views: 15.8ms | ActiveRecord: 0.0ms)


Started GET "/secret/result?guess=8" for ::1 at 2019-04-15 16:38:47 +1000
Processing by SecretController#result as HTML
  Parameters: {"guess"=>"8"}
  Rendering secret/home.html.erb within layouts/application
  Rendered secret/home.html.erb within layouts/application (0.5ms)
Completed 200 OK in 18ms (Views: 17.2ms | ActiveRecord: 0.0ms)


Started GET "/secret/result?guess=8" for ::1 at 2019-04-15 16:38:48 +1000
Processing by SecretController#result as HTML
  Parameters: {"guess"=>"8"}
  Rendering secret/home.html.erb within layouts/application
  Rendered secret/home.html.erb within layouts/application (0.4ms)
Completed 200 OK in 16ms (Views: 15.0ms | ActiveRecord: 0.0ms)


Started GET "/secret/result?guess=8" for ::1 at 2019-04-15 16:38:49 +1000
Processing by SecretController#result as HTML
  Parameters: {"guess"=>"8"}
  Rendering secret/home.html.erb within layouts/application
  Rendered secret/home.html.erb within layouts/application (0.6ms)
Completed 200 OK in 15ms (Views: 14.6ms | ActiveRecord: 0.0ms)


Started GET "/secret/result?guess=8" for ::1 at 2019-04-15 16:38:50 +1000
Processing by SecretController#result as HTML
  Parameters: {"guess"=>"8"}
  Rendering secret/home.html.erb within layouts/application
  Rendered secret/home.html.erb within layouts/application (0.8ms)
Completed 200 OK in 13ms (Views: 12.8ms | ActiveRecord: 0.0ms)


Started GET "/secret/result?guess=8" for ::1 at 2019-04-15 16:38:51 +1000
Processing by SecretController#result as HTML
  Parameters: {"guess"=>"8"}
  Rendering secret/home.html.erb within layouts/application
  Rendered secret/home.html.erb within layouts/application (0.4ms)
Completed 200 OK in 15ms (Views: 14.3ms | ActiveRecord: 0.0ms)


Started GET "/secret/result?guess=8" for ::1 at 2019-04-15 16:38:52 +1000
Processing by SecretController#result as HTML
  Parameters: {"guess"=>"8"}
  Rendering secret/home.html.erb within layouts/application
  Rendered secret/home.html.erb within layouts/application (0.3ms)
Completed 200 OK in 17ms (Views: 16.3ms | ActiveRecord: 0.0ms)


Started GET "/secret/result?guess=8" for ::1 at 2019-04-15 16:38:53 +1000
Processing by SecretController#result as HTML
  Parameters: {"guess"=>"8"}
  Rendering secret/home.html.erb within layouts/application
  Rendered secret/home.html.erb within layouts/application (0.4ms)
Completed 200 OK in 19ms (Views: 18.2ms | ActiveRecord: 0.0ms)


Started GET "/secret/result?guess=8" for ::1 at 2019-04-15 16:38:54 +1000
Processing by SecretController#result as HTML
  Parameters: {"guess"=>"8"}
  Rendering secret/home.html.erb within layouts/application
  Rendered secret/home.html.erb within layouts/application (0.4ms)
Completed 200 OK in 16ms (Views: 15.7ms | ActiveRecord: 0.0ms)


Started GET "/secret/result?guess=8" for ::1 at 2019-04-15 16:38:55 +1000
Processing by SecretController#result as HTML
  Parameters: {"guess"=>"8"}
  Rendering secret/home.html.erb within layouts/application
  Rendered secret/home.html.erb within layouts/application (0.4ms)
Completed 200 OK in 16ms (Views: 15.4ms | ActiveRecord: 0.0ms)


Started GET "/secret/result?guess=8" for ::1 at 2019-04-15 16:38:57 +1000
Processing by SecretController#result as HTML
  Parameters: {"guess"=>"8"}
  Rendering secret/home.html.erb within layouts/application
  Rendered secret/home.html.erb within layouts/application (0.5ms)
Completed 200 OK in 15ms (Views: 14.9ms | ActiveRecord: 0.0ms)


Started GET "/secret/result?guess=8" for ::1 at 2019-04-15 16:38:57 +1000
Processing by SecretController#result as HTML
  Parameters: {"guess"=>"8"}
  Rendering secret/home.html.erb within layouts/application
  Rendered secret/home.html.erb within layouts/application (0.4ms)
Completed 200 OK in 18ms (Views: 17.7ms | ActiveRecord: 0.0ms)


Started GET "/secret/result?guess=8" for ::1 at 2019-04-15 16:38:58 +1000
Processing by SecretController#result as HTML
  Parameters: {"guess"=>"8"}
  Rendering secret/home.html.erb within layouts/application
  Rendered secret/home.html.erb within layouts/application (0.6ms)
Completed 200 OK in 21ms (Views: 19.8ms | ActiveRecord: 0.0ms)


Started GET "/secret/result?guess=8" for ::1 at 2019-04-15 16:38:59 +1000
Processing by SecretController#result as HTML
  Parameters: {"guess"=>"8"}
  Rendering secret/home.html.erb within layouts/application
  Rendered secret/home.html.erb within layouts/application (0.5ms)
Completed 200 OK in 15ms (Views: 14.6ms | ActiveRecord: 0.0ms)


Started GET "/secret/result?guess=8" for ::1 at 2019-04-15 16:39:00 +1000
Processing by SecretController#result as HTML
  Parameters: {"guess"=>"8"}
  Rendering secret/home.html.erb within layouts/application
  Rendered secret/home.html.erb within layouts/application (0.4ms)
Completed 200 OK in 18ms (Views: 17.6ms | ActiveRecord: 0.0ms)


Started GET "/secret/result?guess=8" for ::1 at 2019-04-15 16:39:01 +1000
Processing by SecretController#result as HTML
  Parameters: {"guess"=>"8"}
  Rendering secret/home.html.erb within layouts/application
  Rendered secret/home.html.erb within layouts/application (0.5ms)
Completed 200 OK in 19ms (Views: 18.3ms | ActiveRecord: 0.0ms)


Started GET "/secret/result?guess=8" for ::1 at 2019-04-15 16:39:02 +1000
Processing by SecretController#result as HTML
  Parameters: {"guess"=>"8"}
  Rendering secret/home.html.erb within layouts/application
  Rendered secret/home.html.erb within layouts/application (2.6ms)
Completed 200 OK in 18ms (Views: 17.1ms | ActiveRecord: 0.0ms)


Started GET "/secret/result?guess=8" for ::1 at 2019-04-15 16:39:03 +1000
Processing by SecretController#result as HTML
  Parameters: {"guess"=>"8"}
  Rendering secret/home.html.erb within layouts/application
  Rendered secret/home.html.erb within layouts/application (0.5ms)
Completed 200 OK in 17ms (Views: 16.9ms | ActiveRecord: 0.0ms)


Started GET "/secret/result?guess=8" for ::1 at 2019-04-15 16:39:04 +1000
Processing by SecretController#result as HTML
  Parameters: {"guess"=>"8"}
  Rendering secret/home.html.erb within layouts/application
  Rendered secret/home.html.erb within layouts/application (0.5ms)
Completed 200 OK in 18ms (Views: 16.9ms | ActiveRecord: 0.0ms)


Started GET "/secret/result?guess=8" for ::1 at 2019-04-15 16:39:05 +1000
Processing by SecretController#result as HTML
  Parameters: {"guess"=>"8"}
  Rendering secret/home.html.erb within layouts/application
  Rendered secret/home.html.erb within layouts/application (0.4ms)
Completed 200 OK in 16ms (Views: 15.3ms | ActiveRecord: 0.0ms)


Started GET "/secret/result?guess=8" for ::1 at 2019-04-15 16:39:05 +1000
Processing by SecretController#result as HTML
  Parameters: {"guess"=>"8"}
  Rendering secret/home.html.erb within layouts/application
  Rendered secret/home.html.erb within layouts/application (0.6ms)
Completed 200 OK in 16ms (Views: 15.0ms | ActiveRecord: 0.0ms)


Started GET "/secret/result?guess=8" for ::1 at 2019-04-15 16:39:06 +1000
Processing by SecretController#result as HTML
  Parameters: {"guess"=>"8"}
  Rendering secret/home.html.erb within layouts/application
  Rendered secret/home.html.erb within layouts/application (0.4ms)
Completed 200 OK in 18ms (Views: 16.6ms | ActiveRecord: 0.0ms)


Started GET "/secret/result?guess=88" for ::1 at 2019-04-15 16:39:07 +1000
Processing by SecretController#result as HTML
  Parameters: {"guess"=>"88"}
  Rendering secret/home.html.erb within layouts/application
  Rendered secret/home.html.erb within layouts/application (0.7ms)
Completed 200 OK in 15ms (Views: 14.3ms | ActiveRecord: 0.0ms)


Started GET "/secret/result?guess=8" for ::1 at 2019-04-15 16:39:07 +1000
Processing by SecretController#result as HTML
  Parameters: {"guess"=>"8"}
  Rendering secret/home.html.erb within layouts/application
  Rendered secret/home.html.erb within layouts/application (1.0ms)
Completed 200 OK in 45ms (Views: 44.0ms | ActiveRecord: 0.0ms)


Started GET "/secret/" for ::1 at 2019-04-15 16:45:16 +1000
Processing by SecretController#home as HTML
  Rendering secret/home.html.erb within layouts/application
  Rendered secret/home.html.erb within layouts/application (0.7ms)
Completed 200 OK in 27ms (Views: 26.3ms | ActiveRecord: 0.0ms)


Started GET "/secret/" for ::1 at 2019-04-15 16:45:58 +1000
Processing by SecretController#home as HTML
  Rendering secret/home.html.erb within layouts/application
  Rendered secret/home.html.erb within layouts/application (243.2ms)
Completed 500 Internal Server Error in 247ms (ActiveRecord: 0.0ms)


  
ActionView::Template::Error (undefined local variable or method `secret_result' for #<#<Class:0x00007fd8f2689728>:0x00007fd8f5a4f7d8>
Did you mean?  secret_result_url):
    1: <h1>Secret Number</h1>
    2: 
    3: <%= link_to "1", secret_result/path + "?guess=1" %>
  
app/views/secret/home.html.erb:3:in `_app_views_secret_home_html_erb___4143692649909853784_70284905491720'
app/controllers/secret_controller.rb:3:in `home'
Started GET "/secret/" for ::1 at 2019-04-15 16:46:11 +1000
Processing by SecretController#home as HTML
  Rendering secret/home.html.erb within layouts/application
  Rendered secret/home.html.erb within layouts/application (0.8ms)
Completed 200 OK in 25ms (Views: 23.8ms | ActiveRecord: 0.0ms)


Started GET "/secret/result?guess=1" for ::1 at 2019-04-15 16:46:16 +1000
Processing by SecretController#result as HTML
  Parameters: {"guess"=>"1"}
  Rendering secret/home.html.erb within layouts/application
  Rendered secret/home.html.erb within layouts/application (2.7ms)
Completed 200 OK in 41ms (Views: 38.0ms | ActiveRecord: 0.0ms)


Started GET "/secret/result?guess=1" for ::1 at 2019-04-15 16:47:24 +1000
Processing by SecretController#result as HTML
  Parameters: {"guess"=>"1"}
  Rendering secret/home.html.erb within layouts/application
  Rendered secret/home.html.erb within layouts/application (0.9ms)
Completed 500 Internal Server Error in 5ms (ActiveRecord: 0.0ms)


  
SyntaxError (/Users/ritikagoel/Projects/sei31-homework/ritika_goel/week05/games/app/views/secret/home.html.erb:3: syntax error, unexpected do
'.freeze; (1..10).each |n| do 
                           ^~
/Users/ritikagoel/Projects/sei31-homework/ritika_goel/week05/games/app/views/secret/home.html.erb:7: syntax error, unexpected ensure, expecting end-of-input
          ensure
          ^~~~~~):
  
app/views/secret/home.html.erb:3: syntax error, unexpected do
app/views/secret/home.html.erb:7: syntax error, unexpected ensure, expecting end-of-input
app/controllers/secret_controller.rb:12:in `result'
Started GET "/secret/result?guess=1" for ::1 at 2019-04-15 16:47:53 +1000
Processing by SecretController#result as HTML
  Parameters: {"guess"=>"1"}
  Rendering secret/home.html.erb within layouts/application
  Rendered secret/home.html.erb within layouts/application (2.6ms)
Completed 500 Internal Server Error in 7ms (ActiveRecord: 0.0ms)


  
ActionView::Template::Error (no implicit conversion of Integer into String):
    1: <h1>Secret Number</h1>
    2: 
    3: <% (1..10).each do |n| %>
    4: <%= link_to n, secret_result_path + "?guess=" + n %>
    5: <% end %>
  
app/views/secret/home.html.erb:4:in `+'
app/views/secret/home.html.erb:4:in `block in _app_views_secret_home_html_erb___4143692649909853784_70284907243040'
app/views/secret/home.html.erb:3:in `_app_views_secret_home_html_erb___4143692649909853784_70284907243040'
app/controllers/secret_controller.rb:12:in `result'
Started GET "/secret/result?guess=1" for ::1 at 2019-04-15 16:48:54 +1000
Processing by SecretController#result as HTML
  Parameters: {"guess"=>"1"}
  Rendering secret/result.html.erb within layouts/application
  Rendered secret/result.html.erb within layouts/application (0.4ms)
Completed 200 OK in 11ms (Views: 10.1ms | ActiveRecord: 0.0ms)


Started GET "/secret/" for ::1 at 2019-04-15 16:49:03 +1000
Processing by SecretController#home as HTML
  Rendering secret/home.html.erb within layouts/application
  Rendered secret/home.html.erb within layouts/application (2.2ms)
Completed 200 OK in 18ms (Views: 17.6ms | ActiveRecord: 0.0ms)


Started GET "/secret/result?guess=10" for ::1 at 2019-04-15 16:49:11 +1000
Processing by SecretController#result as HTML
  Parameters: {"guess"=>"10"}
  Rendering secret/home.html.erb within layouts/application
  Rendered secret/home.html.erb within layouts/application (1.2ms)
Completed 200 OK in 23ms (Views: 22.5ms | ActiveRecord: 0.0ms)


Started GET "/secret/result?guess=9" for ::1 at 2019-04-15 16:49:12 +1000
Processing by SecretController#result as HTML
  Parameters: {"guess"=>"9"}
  Rendering secret/home.html.erb within layouts/application
  Rendered secret/home.html.erb within layouts/application (1.1ms)
Completed 200 OK in 28ms (Views: 25.4ms | ActiveRecord: 0.0ms)


Started GET "/secret/result?guess=8" for ::1 at 2019-04-15 16:49:13 +1000
Processing by SecretController#result as HTML
  Parameters: {"guess"=>"8"}
  Rendering secret/home.html.erb within layouts/application
  Rendered secret/home.html.erb within layouts/application (0.7ms)
Completed 200 OK in 21ms (Views: 20.2ms | ActiveRecord: 0.0ms)


Started GET "/secret/result?guess=7" for ::1 at 2019-04-15 16:49:14 +1000
Processing by SecretController#result as HTML
  Parameters: {"guess"=>"7"}
  Rendering secret/result.html.erb within layouts/application
  Rendered secret/result.html.erb within layouts/application (0.5ms)
Completed 200 OK in 22ms (Views: 19.7ms | ActiveRecord: 0.0ms)


Started GET "/secret/result?guess=7" for ::1 at 2019-04-15 16:51:51 +1000
Processing by SecretController#result as HTML
  Parameters: {"guess"=>"7"}
  Rendering secret/home.html.erb within layouts/application
  Rendered secret/home.html.erb within layouts/application (2.4ms)
Completed 200 OK in 16ms (Views: 15.0ms | ActiveRecord: 0.0ms)


Started GET "/secret" for ::1 at 2019-04-15 16:51:58 +1000
Processing by SecretController#home as HTML
  Rendering secret/home.html.erb within layouts/application
  Rendered secret/home.html.erb within layouts/application (1.0ms)
Completed 200 OK in 52ms (Views: 51.0ms | ActiveRecord: 0.0ms)


Started GET "/secret/result?guess=1" for ::1 at 2019-04-15 16:52:01 +1000
Processing by SecretController#result as HTML
  Parameters: {"guess"=>"1"}
  Rendering secret/home.html.erb within layouts/application
  Rendered secret/home.html.erb within layouts/application (1.1ms)
Completed 200 OK in 27ms (Views: 25.8ms | ActiveRecord: 0.0ms)


Started GET "/secret/result?guess=2" for ::1 at 2019-04-15 16:52:02 +1000
Processing by SecretController#result as HTML
  Parameters: {"guess"=>"2"}
  Rendering secret/home.html.erb within layouts/application
  Rendered secret/home.html.erb within layouts/application (0.7ms)
Completed 200 OK in 24ms (Views: 23.1ms | ActiveRecord: 0.0ms)


Started GET "/secret/result?guess=3" for ::1 at 2019-04-15 16:52:03 +1000
Processing by SecretController#result as HTML
  Parameters: {"guess"=>"3"}
  Rendering secret/home.html.erb within layouts/application
  Rendered secret/home.html.erb within layouts/application (1.5ms)
Completed 200 OK in 27ms (Views: 26.6ms | ActiveRecord: 0.0ms)


Started GET "/secret/result?guess=4" for ::1 at 2019-04-15 16:52:04 +1000
Processing by SecretController#result as HTML
  Parameters: {"guess"=>"4"}
  Rendering secret/home.html.erb within layouts/application
  Rendered secret/home.html.erb within layouts/application (2.4ms)
Completed 200 OK in 25ms (Views: 24.4ms | ActiveRecord: 0.0ms)


Started GET "/secret/result?guess=5" for ::1 at 2019-04-15 16:52:04 +1000
Processing by SecretController#result as HTML
  Parameters: {"guess"=>"5"}
  Rendering secret/home.html.erb within layouts/application
  Rendered secret/home.html.erb within layouts/application (1.2ms)
Completed 200 OK in 25ms (Views: 22.4ms | ActiveRecord: 0.0ms)


Started GET "/secret/result?guess=6" for ::1 at 2019-04-15 16:52:05 +1000
Processing by SecretController#result as HTML
  Parameters: {"guess"=>"6"}
  Rendering secret/home.html.erb within layouts/application
  Rendered secret/home.html.erb within layouts/application (0.7ms)
Completed 200 OK in 20ms (Views: 19.6ms | ActiveRecord: 0.0ms)


Started GET "/secret/result?guess=7" for ::1 at 2019-04-15 16:52:06 +1000
Processing by SecretController#result as HTML
  Parameters: {"guess"=>"7"}
  Rendering secret/home.html.erb within layouts/application
  Rendered secret/home.html.erb within layouts/application (2.8ms)
Completed 200 OK in 20ms (Views: 19.1ms | ActiveRecord: 0.0ms)


Started GET "/secret/result?guess=8" for ::1 at 2019-04-15 16:52:07 +1000
Processing by SecretController#result as HTML
  Parameters: {"guess"=>"8"}
  Rendering secret/home.html.erb within layouts/application
  Rendered secret/home.html.erb within layouts/application (1.2ms)
Completed 200 OK in 21ms (Views: 20.9ms | ActiveRecord: 0.0ms)


Started GET "/secret/result?guess=9" for ::1 at 2019-04-15 16:52:08 +1000
Processing by SecretController#result as HTML
  Parameters: {"guess"=>"9"}
  Rendering secret/result.html.erb within layouts/application
  Rendered secret/result.html.erb within layouts/application (0.6ms)
Completed 200 OK in 25ms (Views: 24.9ms | ActiveRecord: 0.0ms)


Started GET "/rock" for ::1 at 2019-04-15 17:00:15 +1000
Processing by RockController#home as HTML
  Rendering rock/home.html.erb within layouts/application
  Rendered rock/home.html.erb within layouts/application (199.2ms)
Completed 500 Internal Server Error in 203ms (ActiveRecord: 0.0ms)


  
ActionView::Template::Error (undefined local variable or method `rock_throw_path' for #<#<Class:0x00007fd8f24763f0>:0x00007fd8f2474230>
Did you mean?  rock_path):
    1: <h2>Rock Paper Scissors</h2>
    2: 
    3: 
    4: <%= link_to "Rock", rock_throw_path + "/rock" %>
  
app/views/rock/home.html.erb:4:in `_app_views_rock_home_html_erb___102458052939001829_70284918150120'
app/controllers/rock_controller.rb:3:in `home'
Started PUT "/__web_console/repl_sessions/98c22b8c094264370a21a7e7d165782c" for ::1 at 2019-04-15 17:00:41 +1000
Started PUT "/__web_console/repl_sessions/98c22b8c094264370a21a7e7d165782c" for ::1 at 2019-04-15 17:00:49 +1000
Started PUT "/__web_console/repl_sessions/98c22b8c094264370a21a7e7d165782c" for ::1 at 2019-04-15 17:00:57 +1000
Started GET "/rock" for ::1 at 2019-04-15 17:04:08 +1000
Processing by RockController#home as HTML
  Rendering rock/home.html.erb within layouts/application
  Rendered rock/home.html.erb within layouts/application (5.2ms)
Completed 200 OK in 96ms (Views: 86.1ms | ActiveRecord: 0.0ms)


Started GET "/rock/rock" for ::1 at 2019-04-15 17:04:11 +1000
Processing by RockController#rock_play as HTML
  Parameters: {"throw"=>"rock"}
  Rendering rock/home.html.erb within layouts/application
  Rendered rock/home.html.erb within layouts/application (1.1ms)
Completed 200 OK in 52ms (Views: 49.0ms | ActiveRecord: 0.0ms)


Started GET "/rock/rock" for ::1 at 2019-04-15 17:04:26 +1000
Processing by RockController#rock_play as HTML
  Parameters: {"throw"=>"rock"}
Completed 500 Internal Server Error in 7ms (ActiveRecord: 0.0ms)


  
ActionView::MissingTemplate (Missing template rock/result, application/result with {:locale=>[:en], :formats=>[:html], :variants=>[], :handlers=>[:raw, :erb, :html, :builder, :ruby, :coffee, :jbuilder]}. Searched in:
  * "/Users/ritikagoel/Projects/sei31-homework/ritika_goel/week05/games/app/views"
):
  
app/controllers/rock_controller.rb:16:in `rock_play'
Started GET "/rock/rock" for ::1 at 2019-04-15 17:05:01 +1000
Processing by RockController#rock_play as HTML
  Parameters: {"throw"=>"rock"}
  Rendering rock/home.html.erb within layouts/application
  Rendered rock/home.html.erb within layouts/application (0.6ms)
Completed 200 OK in 28ms (Views: 27.4ms | ActiveRecord: 0.0ms)


Started GET "/rock" for ::1 at 2019-04-15 17:05:07 +1000
Processing by RockController#home as HTML
  Rendering rock/home.html.erb within layouts/application
  Rendered rock/home.html.erb within layouts/application (1.3ms)
Completed 200 OK in 25ms (Views: 23.7ms | ActiveRecord: 0.0ms)


Started GET "/rock/rock" for ::1 at 2019-04-15 17:05:08 +1000
Processing by RockController#rock_play as HTML
  Parameters: {"throw"=>"rock"}
  Rendering rock/home.html.erb within layouts/application
  Rendered rock/home.html.erb within layouts/application (2.0ms)
Completed 200 OK in 27ms (Views: 26.4ms | ActiveRecord: 0.0ms)


Started GET "/rock/rock" for ::1 at 2019-04-15 17:05:09 +1000
Processing by RockController#rock_play as HTML
  Parameters: {"throw"=>"rock"}
  Rendering rock/result.html.erb within layouts/application
  Rendered rock/result.html.erb within layouts/application (0.6ms)
Completed 200 OK in 27ms (Views: 25.7ms | ActiveRecord: 0.0ms)


Started GET "/rock" for ::1 at 2019-04-15 17:05:14 +1000
Processing by RockController#home as HTML
  Rendering rock/home.html.erb within layouts/application
  Rendered rock/home.html.erb within layouts/application (0.9ms)
Completed 200 OK in 29ms (Views: 27.6ms | ActiveRecord: 0.0ms)


Started GET "/rock/rock" for ::1 at 2019-04-15 17:05:15 +1000
Processing by RockController#rock_play as HTML
  Parameters: {"throw"=>"rock"}
  Rendering rock/home.html.erb within layouts/application
  Rendered rock/home.html.erb within layouts/application (0.8ms)
Completed 200 OK in 29ms (Views: 27.8ms | ActiveRecord: 0.0ms)


Started GET "/rock/rock" for ::1 at 2019-04-15 17:06:02 +1000
Processing by RockController#rock_play as HTML
  Parameters: {"throw"=>"rock"}
  Rendering rock/home.html.erb within layouts/application
  Rendered rock/home.html.erb within layouts/application (0.7ms)
Completed 200 OK in 29ms (Views: 28.3ms | ActiveRecord: 0.0ms)


Started GET "/rock/rock" for ::1 at 2019-04-15 17:06:03 +1000
Processing by RockController#rock_play as HTML
  Parameters: {"throw"=>"rock"}
  Rendering rock/home.html.erb within layouts/application
  Rendered rock/home.html.erb within layouts/application (2.3ms)
Completed 200 OK in 17ms (Views: 16.1ms | ActiveRecord: 0.0ms)


Started GET "/rock/rock" for ::1 at 2019-04-15 17:06:04 +1000
Processing by RockController#rock_play as HTML
  Parameters: {"throw"=>"rock"}
  Rendering rock/home.html.erb within layouts/application
  Rendered rock/home.html.erb within layouts/application (2.2ms)
Completed 200 OK in 21ms (Views: 20.7ms | ActiveRecord: 0.0ms)


Started GET "/rock/rock" for ::1 at 2019-04-15 17:06:04 +1000
Processing by RockController#rock_play as HTML
  Parameters: {"throw"=>"rock"}
  Rendering rock/home.html.erb within layouts/application
  Rendered rock/home.html.erb within layouts/application (3.4ms)
Completed 200 OK in 25ms (Views: 24.2ms | ActiveRecord: 0.0ms)


Started GET "/rock/rock" for ::1 at 2019-04-15 17:06:05 +1000
Processing by RockController#rock_play as HTML
  Parameters: {"throw"=>"rock"}
  Rendering rock/home.html.erb within layouts/application
  Rendered rock/home.html.erb within layouts/application (0.7ms)
Completed 200 OK in 25ms (Views: 23.6ms | ActiveRecord: 0.0ms)


Started GET "/rock/rock" for ::1 at 2019-04-15 17:06:05 +1000
Processing by RockController#rock_play as HTML
  Parameters: {"throw"=>"rock"}
  Rendering rock/result.html.erb within layouts/application
  Rendered rock/result.html.erb within layouts/application (1.2ms)
Completed 200 OK in 24ms (Views: 23.6ms | ActiveRecord: 0.0ms)


Started GET "/rock/rock" for ::1 at 2019-04-15 17:06:15 +1000
Processing by RockController#rock_play as HTML
  Parameters: {"throw"=>"rock"}
  Rendering rock/home.html.erb within layouts/application
  Rendered rock/home.html.erb within layouts/application (2.8ms)
Completed 200 OK in 26ms (Views: 25.3ms | ActiveRecord: 0.0ms)


Started GET "/rock/rock" for ::1 at 2019-04-15 17:06:16 +1000
Processing by RockController#rock_play as HTML
  Parameters: {"throw"=>"rock"}
  Rendering rock/home.html.erb within layouts/application
  Rendered rock/home.html.erb within layouts/application (2.0ms)
Completed 200 OK in 14ms (Views: 13.6ms | ActiveRecord: 0.0ms)


Started GET "/rock/rock" for ::1 at 2019-04-15 17:06:16 +1000
Processing by RockController#rock_play as HTML
  Parameters: {"throw"=>"rock"}
  Rendering rock/result.html.erb within layouts/application
  Rendered rock/result.html.erb within layouts/application (0.5ms)
Completed 200 OK in 22ms (Views: 21.3ms | ActiveRecord: 0.0ms)


Started GET "/rock" for ::1 at 2019-04-15 17:07:53 +1000
Processing by RockController#home as HTML
  Rendering rock/home.html.erb within layouts/application
  Rendered rock/home.html.erb within layouts/application (0.6ms)
Completed 200 OK in 15ms (Views: 14.1ms | ActiveRecord: 0.0ms)


Started GET "/rock/rock" for ::1 at 2019-04-15 17:07:56 +1000
Processing by RockController#rock_play as HTML
  Parameters: {"throw"=>"rock"}
  Rendering rock/result.html.erb within layouts/application
  Rendered rock/result.html.erb within layouts/application (0.7ms)
Completed 200 OK in 28ms (Views: 27.8ms | ActiveRecord: 0.0ms)


Started GET "/rock" for ::1 at 2019-04-15 17:08:00 +1000
Processing by RockController#home as HTML
  Rendering rock/home.html.erb within layouts/application
  Rendered rock/home.html.erb within layouts/application (0.8ms)
Completed 200 OK in 15ms (Views: 14.8ms | ActiveRecord: 0.0ms)


Started GET "/rock/rock" for ::1 at 2019-04-15 17:08:02 +1000
Processing by RockController#rock_play as HTML
  Parameters: {"throw"=>"rock"}
Redirected to http://localhost:3000/rock
Completed 302 Found in 1ms (ActiveRecord: 0.0ms)


Started GET "/rock" for ::1 at 2019-04-15 17:08:02 +1000
Processing by RockController#home as HTML
  Rendering rock/home.html.erb within layouts/application
  Rendered rock/home.html.erb within layouts/application (0.9ms)
Completed 200 OK in 23ms (Views: 20.9ms | ActiveRecord: 0.0ms)


Started GET "/rock/rock" for ::1 at 2019-04-15 17:08:03 +1000
Processing by RockController#rock_play as HTML
  Parameters: {"throw"=>"rock"}
  Rendering rock/result.html.erb within layouts/application
  Rendered rock/result.html.erb within layouts/application (0.3ms)
Completed 200 OK in 19ms (Views: 18.2ms | ActiveRecord: 0.0ms)


Started GET "/rock" for ::1 at 2019-04-15 17:10:42 +1000
Processing by RockController#home as HTML
  Rendering rock/home.html.erb within layouts/application
  Rendered rock/home.html.erb within layouts/application (0.5ms)
Completed 200 OK in 11ms (Views: 11.0ms | ActiveRecord: 0.0ms)


Started GET "/rock/rock" for ::1 at 2019-04-15 17:10:43 +1000
Processing by RockController#rock_play as HTML
  Parameters: {"throw"=>"rock"}
  Rendering rock/result.html.erb within layouts/application
  Rendered rock/result.html.erb within layouts/application (2.1ms)
Completed 200 OK in 24ms (Views: 23.7ms | ActiveRecord: 0.0ms)


Started GET "/rock/rock" for ::1 at 2019-04-15 17:10:46 +1000
Processing by RockController#rock_play as HTML
  Parameters: {"throw"=>"rock"}
  Rendering rock/result.html.erb within layouts/application
  Rendered rock/result.html.erb within layouts/application (0.7ms)
Completed 200 OK in 22ms (Views: 21.8ms | ActiveRecord: 0.0ms)


Started GET "/rock/rock" for ::1 at 2019-04-15 17:10:48 +1000
Processing by RockController#rock_play as HTML
  Parameters: {"throw"=>"rock"}
  Rendering rock/result.html.erb within layouts/application
  Rendered rock/result.html.erb within layouts/application (0.6ms)
Completed 200 OK in 23ms (Views: 22.3ms | ActiveRecord: 0.0ms)


Started GET "/rock/rock" for ::1 at 2019-04-15 17:10:50 +1000
Processing by RockController#rock_play as HTML
  Parameters: {"throw"=>"rock"}
  Rendering rock/result.html.erb within layouts/application
  Rendered rock/result.html.erb within layouts/application (0.6ms)
Completed 200 OK in 25ms (Views: 24.9ms | ActiveRecord: 0.0ms)


Started GET "/rock/rock" for ::1 at 2019-04-15 17:10:51 +1000
Processing by RockController#rock_play as HTML
  Parameters: {"throw"=>"rock"}
  Rendering rock/result.html.erb within layouts/application
  Rendered rock/result.html.erb within layouts/application (0.6ms)
Completed 200 OK in 25ms (Views: 24.2ms | ActiveRecord: 0.0ms)


Started GET "/rock" for ::1 at 2019-04-15 17:11:32 +1000
Processing by RockController#home as HTML
  Rendering rock/home.html.erb within layouts/application
  Rendered rock/home.html.erb within layouts/application (0.9ms)
Completed 200 OK in 18ms (Views: 17.4ms | ActiveRecord: 0.0ms)


Started GET "/rock/scissors" for ::1 at 2019-04-15 17:11:34 +1000
Processing by RockController#rock_play as HTML
  Parameters: {"throw"=>"scissors"}
  Rendering rock/result.html.erb within layouts/application
  Rendered rock/result.html.erb within layouts/application (0.5ms)
Completed 200 OK in 21ms (Views: 20.5ms | ActiveRecord: 0.0ms)


Started GET "/rock/scissors" for ::1 at 2019-04-15 17:11:36 +1000
Processing by RockController#rock_play as HTML
  Parameters: {"throw"=>"scissors"}
  Rendering rock/result.html.erb within layouts/application
  Rendered rock/result.html.erb within layouts/application (0.6ms)
Completed 200 OK in 26ms (Views: 25.7ms | ActiveRecord: 0.0ms)


Started GET "/rock/paper" for ::1 at 2019-04-15 17:11:38 +1000
Processing by RockController#rock_play as HTML
  Parameters: {"throw"=>"paper"}
  Rendering rock/result.html.erb within layouts/application
  Rendered rock/result.html.erb within layouts/application (3.2ms)
Completed 200 OK in 22ms (Views: 21.3ms | ActiveRecord: 0.0ms)


Started GET "/rock/paper" for ::1 at 2019-04-15 17:11:39 +1000
Processing by RockController#rock_play as HTML
  Parameters: {"throw"=>"paper"}
  Rendering rock/result.html.erb within layouts/application
  Rendered rock/result.html.erb within layouts/application (0.9ms)
Completed 200 OK in 24ms (Views: 23.0ms | ActiveRecord: 0.0ms)


Started GET "/rock/paper" for ::1 at 2019-04-15 17:11:40 +1000
Processing by RockController#rock_play as HTML
  Parameters: {"throw"=>"paper"}
  Rendering rock/result.html.erb within layouts/application
  Rendered rock/result.html.erb within layouts/application (0.6ms)
Completed 200 OK in 27ms (Views: 26.0ms | ActiveRecord: 0.0ms)


Started GET "/rock/paper" for ::1 at 2019-04-15 17:11:42 +1000
Processing by RockController#rock_play as HTML
  Parameters: {"throw"=>"paper"}
  Rendering rock/result.html.erb within layouts/application
  Rendered rock/result.html.erb within layouts/application (0.6ms)
Completed 200 OK in 24ms (Views: 23.7ms | ActiveRecord: 0.0ms)


Started GET "/rock/paper" for ::1 at 2019-04-15 17:11:43 +1000
Processing by RockController#rock_play as HTML
  Parameters: {"throw"=>"paper"}
  Rendering rock/result.html.erb within layouts/application
  Rendered rock/result.html.erb within layouts/application (0.6ms)
Completed 200 OK in 23ms (Views: 22.8ms | ActiveRecord: 0.0ms)


Started GET "/rock/paper" for ::1 at 2019-04-15 17:11:44 +1000
Processing by RockController#rock_play as HTML
  Parameters: {"throw"=>"paper"}
  Rendering rock/result.html.erb within layouts/application
  Rendered rock/result.html.erb within layouts/application (2.1ms)
Completed 200 OK in 24ms (Views: 23.1ms | ActiveRecord: 0.0ms)


Started GET "/rock/paper" for ::1 at 2019-04-15 17:11:45 +1000
Processing by RockController#rock_play as HTML
  Parameters: {"throw"=>"paper"}
  Rendering rock/result.html.erb within layouts/application
  Rendered rock/result.html.erb within layouts/application (2.4ms)
Completed 200 OK in 57ms (Views: 55.9ms | ActiveRecord: 0.0ms)


Started GET "/rock" for ::1 at 2019-04-15 17:11:48 +1000
Processing by RockController#home as HTML
  Rendering rock/home.html.erb within layouts/application
  Rendered rock/home.html.erb within layouts/application (0.9ms)
Completed 200 OK in 14ms (Views: 13.1ms | ActiveRecord: 0.0ms)


Started GET "/rock" for ::1 at 2019-04-15 17:16:19 +1000
Processing by RockController#home as HTML
  Rendering rock/home.html.erb within layouts/application
  Rendered rock/home.html.erb within layouts/application (2.6ms)
Completed 200 OK in 37ms (Views: 33.5ms | ActiveRecord: 0.0ms)


Started GET "/rock/rock" for ::1 at 2019-04-15 17:16:21 +1000
Processing by RockController#rock_play as HTML
  Parameters: {"throw"=>"rock"}
  Rendering rock/result.html.erb within layouts/application
  Rendered rock/result.html.erb within layouts/application (2.3ms)
Completed 200 OK in 38ms (Views: 33.3ms | ActiveRecord: 0.0ms)


Started GET "/rock/scissors" for ::1 at 2019-04-15 17:16:23 +1000
Processing by RockController#rock_play as HTML
  Parameters: {"throw"=>"scissors"}
  Rendering rock/result.html.erb within layouts/application
  Rendered rock/result.html.erb within layouts/application (0.8ms)
Completed 200 OK in 29ms (Views: 26.2ms | ActiveRecord: 0.0ms)


Started GET "/rock/scissors" for ::1 at 2019-04-15 17:16:25 +1000
Processing by RockController#rock_play as HTML
  Parameters: {"throw"=>"scissors"}
  Rendering rock/result.html.erb within layouts/application
  Rendered rock/result.html.erb within layouts/application (2.5ms)
Completed 200 OK in 31ms (Views: 30.6ms | ActiveRecord: 0.0ms)


Started GET "/rock/scissors" for ::1 at 2019-04-15 17:16:27 +1000
Processing by RockController#rock_play as HTML
  Parameters: {"throw"=>"scissors"}
  Rendering rock/result.html.erb within layouts/application
  Rendered rock/result.html.erb within layouts/application (2.7ms)
Completed 200 OK in 21ms (Views: 20.3ms | ActiveRecord: 0.0ms)


Started GET "/rock/scissors" for ::1 at 2019-04-15 17:16:29 +1000
Processing by RockController#rock_play as HTML
  Parameters: {"throw"=>"scissors"}
  Rendering rock/result.html.erb within layouts/application
  Rendered rock/result.html.erb within layouts/application (0.7ms)
Completed 200 OK in 29ms (Views: 27.0ms | ActiveRecord: 0.0ms)


Started GET "/rock/scissors" for ::1 at 2019-04-15 17:16:31 +1000
Processing by RockController#rock_play as HTML
  Parameters: {"throw"=>"scissors"}
  Rendering rock/result.html.erb within layouts/application
  Rendered rock/result.html.erb within layouts/application (3.3ms)
Completed 200 OK in 30ms (Views: 29.4ms | ActiveRecord: 0.0ms)


Started GET "/rock/scissors" for ::1 at 2019-04-15 17:16:34 +1000
Processing by RockController#rock_play as HTML
  Parameters: {"throw"=>"scissors"}
  Rendering rock/result.html.erb within layouts/application
  Rendered rock/result.html.erb within layouts/application (0.6ms)
Completed 200 OK in 32ms (Views: 31.5ms | ActiveRecord: 0.0ms)


Started GET "/rock" for ::1 at 2019-04-15 17:26:01 +1000
Processing by RockController#home as HTML
  Rendering rock/home.html.erb within layouts/application
  Rendered rock/home.html.erb within layouts/application (0.9ms)
Completed 200 OK in 14ms (Views: 13.9ms | ActiveRecord: 0.0ms)


Started GET "/rock/rock" for ::1 at 2019-04-15 17:26:03 +1000
Processing by RockController#rock_play as HTML
  Parameters: {"throw"=>"rock"}
  Rendering rock/result.html.erb within layouts/application
  Rendered rock/result.html.erb within layouts/application (2.4ms)
Completed 200 OK in 26ms (Views: 24.7ms | ActiveRecord: 0.0ms)


Started GET "/rock/rock" for ::1 at 2019-04-15 17:26:06 +1000
Processing by RockController#rock_play as HTML
  Parameters: {"throw"=>"rock"}
  Rendering rock/result.html.erb within layouts/application
  Rendered rock/result.html.erb within layouts/application (1.1ms)
Completed 200 OK in 31ms (Views: 29.8ms | ActiveRecord: 0.0ms)


Started GET "/rock/rock" for ::1 at 2019-04-15 17:26:09 +1000
Processing by RockController#rock_play as HTML
  Parameters: {"throw"=>"rock"}
  Rendering rock/result.html.erb within layouts/application
  Rendered rock/result.html.erb within layouts/application (0.8ms)
Completed 200 OK in 38ms (Views: 37.0ms | ActiveRecord: 0.0ms)


Started GET "/rock/scissors" for ::1 at 2019-04-15 17:26:11 +1000
Processing by RockController#rock_play as HTML
  Parameters: {"throw"=>"scissors"}
  Rendering rock/result.html.erb within layouts/application
  Rendered rock/result.html.erb within layouts/application (0.7ms)
Completed 200 OK in 32ms (Views: 31.2ms | ActiveRecord: 0.0ms)


Started GET "/rock" for ::1 at 2019-04-15 17:26:57 +1000
Processing by RockController#home as HTML
  Rendering rock/home.html.erb within layouts/application
  Rendered rock/home.html.erb within layouts/application (0.8ms)
Completed 200 OK in 17ms (Views: 16.6ms | ActiveRecord: 0.0ms)


Started GET "/rock/rock" for ::1 at 2019-04-15 17:26:59 +1000
Processing by RockController#rock_play as HTML
  Parameters: {"throw"=>"rock"}
  Rendering rock/result.html.erb within layouts/application
  Rendered rock/result.html.erb within layouts/application (1.1ms)
Completed 200 OK in 76ms (Views: 72.8ms | ActiveRecord: 0.0ms)


Started GET "/rock/rock" for ::1 at 2019-04-15 17:27:33 +1000
Processing by RockController#rock_play as HTML
  Parameters: {"throw"=>"rock"}
  Rendering rock/result.html.erb within layouts/application
  Rendered rock/result.html.erb within layouts/application (1.0ms)
Completed 200 OK in 26ms (Views: 25.0ms | ActiveRecord: 0.0ms)


Started GET "/rock" for ::1 at 2019-04-15 17:27:37 +1000
Processing by RockController#home as HTML
  Rendering rock/home.html.erb within layouts/application
  Rendered rock/home.html.erb within layouts/application (1.5ms)
Completed 200 OK in 36ms (Views: 34.5ms | ActiveRecord: 0.0ms)


Started GET "/rock" for ::1 at 2019-04-15 17:27:39 +1000
Processing by RockController#home as HTML
  Rendering rock/home.html.erb within layouts/application
  Rendered rock/home.html.erb within layouts/application (1.0ms)
Completed 200 OK in 13ms (Views: 12.2ms | ActiveRecord: 0.0ms)


Started GET "/rock/rock" for ::1 at 2019-04-15 17:27:40 +1000
Processing by RockController#rock_play as HTML
  Parameters: {"throw"=>"rock"}
  Rendering rock/result.html.erb within layouts/application
  Rendered rock/result.html.erb within layouts/application (0.8ms)
Completed 200 OK in 35ms (Views: 33.2ms | ActiveRecord: 0.0ms)


Started GET "/rock/scissors" for ::1 at 2019-04-15 17:27:43 +1000
Processing by RockController#rock_play as HTML
  Parameters: {"throw"=>"scissors"}
  Rendering rock/result.html.erb within layouts/application
  Rendered rock/result.html.erb within layouts/application (2.1ms)
Completed 200 OK in 37ms (Views: 35.5ms | ActiveRecord: 0.0ms)


Started GET "/rock/scissors" for ::1 at 2019-04-15 17:27:45 +1000
Processing by RockController#rock_play as HTML
  Parameters: {"throw"=>"scissors"}
  Rendering rock/result.html.erb within layouts/application
  Rendered rock/result.html.erb within layouts/application (0.8ms)
Completed 200 OK in 28ms (Views: 27.6ms | ActiveRecord: 0.0ms)


Started GET "/rock/scissors" for ::1 at 2019-04-15 17:27:48 +1000
Processing by RockController#rock_play as HTML
  Parameters: {"throw"=>"scissors"}
  Rendering rock/result.html.erb within layouts/application
  Rendered rock/result.html.erb within layouts/application (2.3ms)
Completed 200 OK in 76ms (Views: 75.2ms | ActiveRecord: 0.0ms)


Started GET "/rock/paper" for ::1 at 2019-04-15 17:27:50 +1000
Processing by RockController#rock_play as HTML
  Parameters: {"throw"=>"paper"}
  Rendering rock/result.html.erb within layouts/application
  Rendered rock/result.html.erb within layouts/application (0.9ms)
Completed 200 OK in 36ms (Views: 32.6ms | ActiveRecord: 0.0ms)


Started GET "/rock/paper" for ::1 at 2019-04-15 17:27:54 +1000
Processing by RockController#rock_play as HTML
  Parameters: {"throw"=>"paper"}
  Rendering rock/result.html.erb within layouts/application
  Rendered rock/result.html.erb within layouts/application (8.1ms)
Completed 200 OK in 81ms (Views: 79.4ms | ActiveRecord: 0.0ms)


Started GET "/rock/paper" for ::1 at 2019-04-15 17:27:56 +1000
Processing by RockController#rock_play as HTML
  Parameters: {"throw"=>"paper"}
  Rendering rock/result.html.erb within layouts/application
  Rendered rock/result.html.erb within layouts/application (1.3ms)
Completed 200 OK in 33ms (Views: 32.6ms | ActiveRecord: 0.0ms)


Started GET "/rock/paper" for ::1 at 2019-04-15 17:27:59 +1000
Processing by RockController#rock_play as HTML
  Parameters: {"throw"=>"paper"}
  Rendering rock/result.html.erb within layouts/application
  Rendered rock/result.html.erb within layouts/application (0.7ms)
Completed 200 OK in 33ms (Views: 32.0ms | ActiveRecord: 0.0ms)


Started GET "/rock/paper" for ::1 at 2019-04-15 17:28:02 +1000
Processing by RockController#rock_play as HTML
  Parameters: {"throw"=>"paper"}
  Rendering rock/result.html.erb within layouts/application
  Rendered rock/result.html.erb within layouts/application (0.8ms)
Completed 200 OK in 26ms (Views: 25.9ms | ActiveRecord: 0.0ms)


Started GET "/rock/paper" for ::1 at 2019-04-15 17:28:05 +1000
Processing by RockController#rock_play as HTML
  Parameters: {"throw"=>"paper"}
  Rendering rock/result.html.erb within layouts/application
  Rendered rock/result.html.erb within layouts/application (0.7ms)
Completed 200 OK in 27ms (Views: 26.0ms | ActiveRecord: 0.0ms)


Started GET "/rock/paper" for ::1 at 2019-04-15 17:28:08 +1000
Processing by RockController#rock_play as HTML
  Parameters: {"throw"=>"paper"}
  Rendering rock/result.html.erb within layouts/application
  Rendered rock/result.html.erb within layouts/application (1.0ms)
Completed 200 OK in 29ms (Views: 28.4ms | ActiveRecord: 0.0ms)


Started GET "/rock/paper" for ::1 at 2019-04-15 17:28:12 +1000
Processing by RockController#rock_play as HTML
  Parameters: {"throw"=>"paper"}
  Rendering rock/result.html.erb within layouts/application
  Rendered rock/result.html.erb within layouts/application (0.9ms)
Completed 200 OK in 36ms (Views: 35.7ms | ActiveRecord: 0.0ms)


Started GET "/rock/paper" for ::1 at 2019-04-15 17:28:15 +1000
Processing by RockController#rock_play as HTML
  Parameters: {"throw"=>"paper"}
  Rendering rock/result.html.erb within layouts/application
  Rendered rock/result.html.erb within layouts/application (1.5ms)
Completed 200 OK in 21ms (Views: 20.1ms | ActiveRecord: 0.0ms)


Started GET "/rock/paper" for ::1 at 2019-04-15 17:28:17 +1000
Processing by RockController#rock_play as HTML
  Parameters: {"throw"=>"paper"}
  Rendering rock/result.html.erb within layouts/application
  Rendered rock/result.html.erb within layouts/application (1.3ms)
Completed 200 OK in 21ms (Views: 20.4ms | ActiveRecord: 0.0ms)


Started GET "/rock/paper" for ::1 at 2019-04-15 17:28:19 +1000
Processing by RockController#rock_play as HTML
  Parameters: {"throw"=>"paper"}
  Rendering rock/result.html.erb within layouts/application
  Rendered rock/result.html.erb within layouts/application (0.7ms)
Completed 200 OK in 25ms (Views: 24.3ms | ActiveRecord: 0.0ms)


Started GET "/rock/paper" for ::1 at 2019-04-15 17:28:20 +1000
Processing by RockController#rock_play as HTML
  Parameters: {"throw"=>"paper"}
  Rendering rock/result.html.erb within layouts/application
  Rendered rock/result.html.erb within layouts/application (0.8ms)
Completed 200 OK in 24ms (Views: 22.9ms | ActiveRecord: 0.0ms)


Started GET "/rock/paper" for ::1 at 2019-04-15 17:28:22 +1000
Processing by RockController#rock_play as HTML
  Parameters: {"throw"=>"paper"}
  Rendering rock/result.html.erb within layouts/application
  Rendered rock/result.html.erb within layouts/application (3.2ms)
Completed 200 OK in 46ms (Views: 45.4ms | ActiveRecord: 0.0ms)


Started GET "/rock" for ::1 at 2019-04-15 17:28:25 +1000
Processing by RockController#home as HTML
  Rendering rock/home.html.erb within layouts/application
  Rendered rock/home.html.erb within layouts/application (0.9ms)
Completed 200 OK in 41ms (Views: 40.0ms | ActiveRecord: 0.0ms)


Started GET "/rock" for ::1 at 2019-04-16 08:58:43 +1000
Processing by RockController#home as HTML
  Rendering rock/home.html.erb within layouts/application
  Rendered rock/home.html.erb within layouts/application (9.4ms)
Completed 200 OK in 62ms (Views: 55.9ms | ActiveRecord: 0.0ms)


Started GET "/magic" for ::1 at 2019-04-16 09:08:12 +1000
Processing by MagicController#home as HTML
  Rendering magic/home.html.erb within layouts/application
  Rendered magic/home.html.erb within layouts/application (1.1ms)
Completed 200 OK in 250ms (Views: 243.1ms | ActiveRecord: 0.0ms)


Started GET "/magic" for ::1 at 2019-04-16 09:08:45 +1000
Processing by MagicController#home as HTML
  Rendering magic/home.html.erb within layouts/application
  Rendered magic/home.html.erb within layouts/application (0.7ms)
Completed 200 OK in 19ms (Views: 17.8ms | ActiveRecord: 0.0ms)


Started GET "/magic" for ::1 at 2019-04-16 09:08:59 +1000
Processing by MagicController#home as HTML
  Rendering magic/home.html.erb within layouts/application
  Rendered magic/home.html.erb within layouts/application (0.4ms)
Completed 200 OK in 15ms (Views: 14.4ms | ActiveRecord: 0.0ms)


